{"/Users/xuantranthithanh/Documents/Typescript/redux-toolkit-react/src/features/counterSlider.ts": {"path":"/Users/xuantranthithanh/Documents/Typescript/redux-toolkit-react/src/features/counterSlider.ts","statementMap":{"0":{"start":{"line":6,"column":35},"end":{"line":8,"column":1}},"1":{"start":{"line":10,"column":29},"end":{"line":24,"column":2}},"2":{"start":{"line":15,"column":6},"end":{"line":15,"column":23}},"3":{"start":{"line":18,"column":6},"end":{"line":18,"column":23}},"4":{"start":{"line":21,"column":6},"end":{"line":21,"column":36}},"5":{"start":{"line":27,"column":2},"end":{"line":27,"column":23}}},"fnMap":{"0":{"name":"(anonymous_0)","decl":{"start":{"line":14,"column":15},"end":{"line":14,"column":16}},"loc":{"start":{"line":14,"column":40},"end":{"line":16,"column":5}},"line":14},"1":{"name":"(anonymous_1)","decl":{"start":{"line":17,"column":15},"end":{"line":17,"column":16}},"loc":{"start":{"line":17,"column":40},"end":{"line":19,"column":5}},"line":17},"2":{"name":"(anonymous_2)","decl":{"start":{"line":20,"column":23},"end":{"line":20,"column":24}},"loc":{"start":{"line":20,"column":79},"end":{"line":22,"column":5}},"line":20}},"branchMap":{},"s":{"0":1,"1":1,"2":0,"3":0,"4":0,"5":1},"f":{"0":0,"1":0,"2":0},"b":{},"_coverageSchema":"1a1c01bbd47fc00a2c39e90264f33305004495a9","hash":"cbb95b4828fe5d3dc64034f217d86187529bceb9"}
}
